[2.063s] Invoking command in '/home/mayooran/Documents/ros_topics/src/imu': CONDA_PROMPT_MODIFIER=(hl2ss) PYTHONPATH=/home/mayooran/Documents/ros_topics/src/build/imu/prefix_override:/home/mayooran/Documents/ros_topics/src/install/imu/lib/python3.8/site-packages:${PYTHONPATH} /usr/bin/python3 -W ignore:setup.py install is deprecated setup.py egg_info --egg-base ../build/imu build --build-base /home/mayooran/Documents/ros_topics/src/build/imu/build install --record /home/mayooran/Documents/ros_topics/src/build/imu/install.log --install-scripts $base/lib/imu --single-version-externally-managed install_data
[2.935s] running egg_info
[2.935s] writing ../build/imu/imu.egg-info/PKG-INFO
[2.936s] writing dependency_links to ../build/imu/imu.egg-info/dependency_links.txt
[2.936s] writing entry points to ../build/imu/imu.egg-info/entry_points.txt
[2.936s] writing requirements to ../build/imu/imu.egg-info/requires.txt
[2.936s] writing top-level names to ../build/imu/imu.egg-info/top_level.txt
[2.984s] reading manifest file '../build/imu/imu.egg-info/SOURCES.txt'
[2.985s] writing manifest file '../build/imu/imu.egg-info/SOURCES.txt'
[2.985s] running build
[2.985s] running build_py
[2.985s] running install
[2.989s] running install_lib
[2.992s] running install_data
[2.992s] running install_egg_info
[2.995s] removing '/home/mayooran/Documents/ros_topics/src/install/imu/lib/python3.8/site-packages/imu-0.0.0-py3.8.egg-info' (and everything under it)
[2.996s] Copying ../build/imu/imu.egg-info to /home/mayooran/Documents/ros_topics/src/install/imu/lib/python3.8/site-packages/imu-0.0.0-py3.8.egg-info
[2.997s] running install_scripts
[3.033s] Installing imu_publisher script to /home/mayooran/Documents/ros_topics/src/install/imu/lib/imu
[3.034s] writing list of installed files to '/home/mayooran/Documents/ros_topics/src/build/imu/install.log'
[3.065s] Invoked command in '/home/mayooran/Documents/ros_topics/src/imu' returned '0': CONDA_PROMPT_MODIFIER=(hl2ss) PYTHONPATH=/home/mayooran/Documents/ros_topics/src/build/imu/prefix_override:/home/mayooran/Documents/ros_topics/src/install/imu/lib/python3.8/site-packages:${PYTHONPATH} /usr/bin/python3 -W ignore:setup.py install is deprecated setup.py egg_info --egg-base ../build/imu build --build-base /home/mayooran/Documents/ros_topics/src/build/imu/build install --record /home/mayooran/Documents/ros_topics/src/build/imu/install.log --install-scripts $base/lib/imu --single-version-externally-managed install_data
