[2.082s] Invoking command in '/home/mayooran/Documents/ros_topics/src/imu': CONDA_PROMPT_MODIFIER=(hl2ss) PYTHONPATH=/home/mayooran/Documents/ros_topics/src/build/imu/prefix_override:/home/mayooran/Documents/ros_topics/src/install/imu/lib/python3.8/site-packages:${PYTHONPATH} /usr/bin/python3 -W ignore:setup.py install is deprecated setup.py egg_info --egg-base ../build/imu build --build-base /home/mayooran/Documents/ros_topics/src/build/imu/build install --record /home/mayooran/Documents/ros_topics/src/build/imu/install.log --install-scripts $base/lib/imu --single-version-externally-managed install_data
[2.910s] running egg_info
[2.910s] writing ../build/imu/imu.egg-info/PKG-INFO
[2.910s] writing dependency_links to ../build/imu/imu.egg-info/dependency_links.txt
[2.911s] writing entry points to ../build/imu/imu.egg-info/entry_points.txt
[2.911s] writing requirements to ../build/imu/imu.egg-info/requires.txt
[2.911s] writing top-level names to ../build/imu/imu.egg-info/top_level.txt
[2.961s] reading manifest file '../build/imu/imu.egg-info/SOURCES.txt'
[2.963s] writing manifest file '../build/imu/imu.egg-info/SOURCES.txt'
[2.963s] running build
[2.963s] running build_py
[2.963s] copying imu/imu_pub.py -> /home/mayooran/Documents/ros_topics/src/build/imu/build/lib/imu
[2.963s] running install
[2.966s] running install_lib
[2.967s] copying /home/mayooran/Documents/ros_topics/src/build/imu/build/lib/imu/imu_pub.py -> /home/mayooran/Documents/ros_topics/src/install/imu/lib/python3.8/site-packages/imu
[2.970s] byte-compiling /home/mayooran/Documents/ros_topics/src/install/imu/lib/python3.8/site-packages/imu/imu_pub.py to imu_pub.cpython-38.pyc
[2.971s] running install_data
[2.972s] running install_egg_info
[2.975s] removing '/home/mayooran/Documents/ros_topics/src/install/imu/lib/python3.8/site-packages/imu-0.0.0-py3.8.egg-info' (and everything under it)
[2.975s] Copying ../build/imu/imu.egg-info to /home/mayooran/Documents/ros_topics/src/install/imu/lib/python3.8/site-packages/imu-0.0.0-py3.8.egg-info
[2.976s] running install_scripts
[3.004s] Installing imu_publisher script to /home/mayooran/Documents/ros_topics/src/install/imu/lib/imu
[3.004s] writing list of installed files to '/home/mayooran/Documents/ros_topics/src/build/imu/install.log'
[3.039s] Invoked command in '/home/mayooran/Documents/ros_topics/src/imu' returned '0': CONDA_PROMPT_MODIFIER=(hl2ss) PYTHONPATH=/home/mayooran/Documents/ros_topics/src/build/imu/prefix_override:/home/mayooran/Documents/ros_topics/src/install/imu/lib/python3.8/site-packages:${PYTHONPATH} /usr/bin/python3 -W ignore:setup.py install is deprecated setup.py egg_info --egg-base ../build/imu build --build-base /home/mayooran/Documents/ros_topics/src/build/imu/build install --record /home/mayooran/Documents/ros_topics/src/build/imu/install.log --install-scripts $base/lib/imu --single-version-externally-managed install_data
