[2.531s] Invoking command in '/home/mayooran/Documents/ros_topics/src/imu': CONDA_PROMPT_MODIFIER=(hl2ss) PYTHONPATH=/home/mayooran/Documents/ros_topics/src/build/imu/prefix_override:/home/mayooran/Documents/ros_topics/src/install/imu/lib/python3.8/site-packages:${PYTHONPATH} /usr/bin/python3 -W ignore:setup.py install is deprecated setup.py egg_info --egg-base ../build/imu build --build-base /home/mayooran/Documents/ros_topics/src/build/imu/build install --record /home/mayooran/Documents/ros_topics/src/build/imu/install.log --install-scripts $base/lib/imu --single-version-externally-managed install_data
[3.504s] running egg_info
[3.504s] writing ../build/imu/imu.egg-info/PKG-INFO
[3.505s] writing dependency_links to ../build/imu/imu.egg-info/dependency_links.txt
[3.505s] writing entry points to ../build/imu/imu.egg-info/entry_points.txt
[3.505s] writing requirements to ../build/imu/imu.egg-info/requires.txt
[3.505s] writing top-level names to ../build/imu/imu.egg-info/top_level.txt
[3.572s] reading manifest file '../build/imu/imu.egg-info/SOURCES.txt'
[3.573s] writing manifest file '../build/imu/imu.egg-info/SOURCES.txt'
[3.573s] running build
[3.573s] running build_py
[3.574s] copying imu/head_pub.py -> /home/mayooran/Documents/ros_topics/src/build/imu/build/lib/imu
[3.574s] running install
[3.577s] running install_lib
[3.578s] copying /home/mayooran/Documents/ros_topics/src/build/imu/build/lib/imu/head_pub.py -> /home/mayooran/Documents/ros_topics/src/install/imu/lib/python3.8/site-packages/imu
[3.581s] byte-compiling /home/mayooran/Documents/ros_topics/src/install/imu/lib/python3.8/site-packages/imu/head_pub.py to head_pub.cpython-38.pyc
[3.583s] running install_data
[3.583s] running install_egg_info
[3.587s] removing '/home/mayooran/Documents/ros_topics/src/install/imu/lib/python3.8/site-packages/imu-0.0.0-py3.8.egg-info' (and everything under it)
[3.587s] Copying ../build/imu/imu.egg-info to /home/mayooran/Documents/ros_topics/src/install/imu/lib/python3.8/site-packages/imu-0.0.0-py3.8.egg-info
[3.588s] running install_scripts
[3.618s] Installing head_publisher script to /home/mayooran/Documents/ros_topics/src/install/imu/lib/imu
[3.618s] Installing imu_publisher script to /home/mayooran/Documents/ros_topics/src/install/imu/lib/imu
[3.618s] writing list of installed files to '/home/mayooran/Documents/ros_topics/src/build/imu/install.log'
[3.656s] Invoked command in '/home/mayooran/Documents/ros_topics/src/imu' returned '0': CONDA_PROMPT_MODIFIER=(hl2ss) PYTHONPATH=/home/mayooran/Documents/ros_topics/src/build/imu/prefix_override:/home/mayooran/Documents/ros_topics/src/install/imu/lib/python3.8/site-packages:${PYTHONPATH} /usr/bin/python3 -W ignore:setup.py install is deprecated setup.py egg_info --egg-base ../build/imu build --build-base /home/mayooran/Documents/ros_topics/src/build/imu/build install --record /home/mayooran/Documents/ros_topics/src/build/imu/install.log --install-scripts $base/lib/imu --single-version-externally-managed install_data
