[2.080s] Invoking command in '/home/mayooran/Documents/ros_topics/src/imu': CONDA_PROMPT_MODIFIER=(base) PYTHONPATH=/home/mayooran/Documents/ros_topics/src/build/imu/prefix_override:/home/mayooran/Documents/ros_topics/src/install/imu/lib/python3.8/site-packages:${PYTHONPATH} /usr/bin/python3 -W ignore:setup.py install is deprecated setup.py egg_info --egg-base ../build/imu build --build-base /home/mayooran/Documents/ros_topics/src/build/imu/build install --record /home/mayooran/Documents/ros_topics/src/build/imu/install.log --install-scripts $base/lib/imu --single-version-externally-managed install_data
[2.902s] running egg_info
[2.906s] writing ../build/imu/imu.egg-info/PKG-INFO
[2.906s] writing dependency_links to ../build/imu/imu.egg-info/dependency_links.txt
[2.906s] writing entry points to ../build/imu/imu.egg-info/entry_points.txt
[2.906s] writing requirements to ../build/imu/imu.egg-info/requires.txt
[2.906s] writing top-level names to ../build/imu/imu.egg-info/top_level.txt
[2.955s] reading manifest file '../build/imu/imu.egg-info/SOURCES.txt'
[2.956s] writing manifest file '../build/imu/imu.egg-info/SOURCES.txt'
[2.956s] running build
[2.956s] running build_py
[2.956s] copying imu/imu_pub.py -> /home/mayooran/Documents/ros_topics/src/build/imu/build/lib/imu
[2.957s] running install
[2.960s] running install_lib
[2.961s] copying /home/mayooran/Documents/ros_topics/src/build/imu/build/lib/imu/imu_pub.py -> /home/mayooran/Documents/ros_topics/src/install/imu/lib/python3.8/site-packages/imu
[2.963s] byte-compiling /home/mayooran/Documents/ros_topics/src/install/imu/lib/python3.8/site-packages/imu/imu_pub.py to imu_pub.cpython-38.pyc
[2.964s] running install_data
[2.965s] Sorry: IndentationError: unexpected indent (imu_pub.py, line 21)
[2.965s] running install_egg_info
[2.968s] removing '/home/mayooran/Documents/ros_topics/src/install/imu/lib/python3.8/site-packages/imu-0.0.0-py3.8.egg-info' (and everything under it)
[2.969s] Copying ../build/imu/imu.egg-info to /home/mayooran/Documents/ros_topics/src/install/imu/lib/python3.8/site-packages/imu-0.0.0-py3.8.egg-info
[2.969s] running install_scripts
[2.999s] Installing imu_publisher script to /home/mayooran/Documents/ros_topics/src/install/imu/lib/imu
[3.000s] writing list of installed files to '/home/mayooran/Documents/ros_topics/src/build/imu/install.log'
[3.027s] Invoked command in '/home/mayooran/Documents/ros_topics/src/imu' returned '0': CONDA_PROMPT_MODIFIER=(base) PYTHONPATH=/home/mayooran/Documents/ros_topics/src/build/imu/prefix_override:/home/mayooran/Documents/ros_topics/src/install/imu/lib/python3.8/site-packages:${PYTHONPATH} /usr/bin/python3 -W ignore:setup.py install is deprecated setup.py egg_info --egg-base ../build/imu build --build-base /home/mayooran/Documents/ros_topics/src/build/imu/build install --record /home/mayooran/Documents/ros_topics/src/build/imu/install.log --install-scripts $base/lib/imu --single-version-externally-managed install_data
