[2.133s] Invoking command in '/home/mayooran/Documents/ros_topics/src/imu': CONDA_PROMPT_MODIFIER=(base) PYTHONPATH=/home/mayooran/Documents/ros_topics/src/build/imu/prefix_override:/home/mayooran/Documents/ros_topics/src/install/imu/lib/python3.8/site-packages:${PYTHONPATH} /usr/bin/python3 -W ignore:setup.py install is deprecated setup.py egg_info --egg-base ../build/imu build --build-base /home/mayooran/Documents/ros_topics/src/build/imu/build install --record /home/mayooran/Documents/ros_topics/src/build/imu/install.log --install-scripts $base/lib/imu --single-version-externally-managed install_data
[2.965s] running egg_info
[2.965s] creating ../build/imu/imu.egg-info
[2.965s] writing ../build/imu/imu.egg-info/PKG-INFO
[2.966s] writing dependency_links to ../build/imu/imu.egg-info/dependency_links.txt
[2.966s] writing entry points to ../build/imu/imu.egg-info/entry_points.txt
[2.966s] writing requirements to ../build/imu/imu.egg-info/requires.txt
[2.966s] writing top-level names to ../build/imu/imu.egg-info/top_level.txt
[2.981s] writing manifest file '../build/imu/imu.egg-info/SOURCES.txt'
[3.038s] reading manifest file '../build/imu/imu.egg-info/SOURCES.txt'
[3.039s] writing manifest file '../build/imu/imu.egg-info/SOURCES.txt'
[3.039s] running build
[3.039s] running build_py
[3.039s] creating /home/mayooran/Documents/ros_topics/src/build/imu/build
[3.040s] creating /home/mayooran/Documents/ros_topics/src/build/imu/build/lib
[3.040s] creating /home/mayooran/Documents/ros_topics/src/build/imu/build/lib/imu
[3.040s] copying imu/__init__.py -> /home/mayooran/Documents/ros_topics/src/build/imu/build/lib/imu
[3.040s] copying imu/imu_pub.py -> /home/mayooran/Documents/ros_topics/src/build/imu/build/lib/imu
[3.040s] running install
[3.047s] running install_lib
[3.048s] creating /home/mayooran/Documents/ros_topics/src/install/imu/lib/python3.8/site-packages/imu
[3.048s] copying /home/mayooran/Documents/ros_topics/src/build/imu/build/lib/imu/__init__.py -> /home/mayooran/Documents/ros_topics/src/install/imu/lib/python3.8/site-packages/imu
[3.048s] copying /home/mayooran/Documents/ros_topics/src/build/imu/build/lib/imu/imu_pub.py -> /home/mayooran/Documents/ros_topics/src/install/imu/lib/python3.8/site-packages/imu
[3.054s] byte-compiling /home/mayooran/Documents/ros_topics/src/install/imu/lib/python3.8/site-packages/imu/__init__.py to __init__.cpython-38.pyc
[3.056s] byte-compiling /home/mayooran/Documents/ros_topics/src/install/imu/lib/python3.8/site-packages/imu/imu_pub.py to imu_pub.cpython-38.pyc
[3.056s] running install_data
[3.056s] creating /home/mayooran/Documents/ros_topics/src/install/imu/share/ament_index
[3.056s] creating /home/mayooran/Documents/ros_topics/src/install/imu/share/ament_index/resource_index
[3.057s] creating /home/mayooran/Documents/ros_topics/src/install/imu/share/ament_index/resource_index/packages
[3.057s] copying resource/imu -> /home/mayooran/Documents/ros_topics/src/install/imu/share/ament_index/resource_index/packages
[3.057s] copying package.xml -> /home/mayooran/Documents/ros_topics/src/install/imu/share/imu
[3.057s] running install_egg_info
[3.064s] Copying ../build/imu/imu.egg-info to /home/mayooran/Documents/ros_topics/src/install/imu/lib/python3.8/site-packages/imu-0.0.0-py3.8.egg-info
[3.065s] running install_scripts
[3.101s] writing list of installed files to '/home/mayooran/Documents/ros_topics/src/build/imu/install.log'
[3.127s] Invoked command in '/home/mayooran/Documents/ros_topics/src/imu' returned '0': CONDA_PROMPT_MODIFIER=(base) PYTHONPATH=/home/mayooran/Documents/ros_topics/src/build/imu/prefix_override:/home/mayooran/Documents/ros_topics/src/install/imu/lib/python3.8/site-packages:${PYTHONPATH} /usr/bin/python3 -W ignore:setup.py install is deprecated setup.py egg_info --egg-base ../build/imu build --build-base /home/mayooran/Documents/ros_topics/src/build/imu/build install --record /home/mayooran/Documents/ros_topics/src/build/imu/install.log --install-scripts $base/lib/imu --single-version-externally-managed install_data
