[1.335s] DEBUG:colcon:Command line arguments: ['/usr/bin/colcon', 'build']
[1.336s] DEBUG:colcon:Parsed command line arguments: Namespace(allow_overriding=[], ament_cmake_args=None, base_paths=['.'], build_base='build', catkin_cmake_args=None, catkin_skip_building_tests=False, cmake_args=None, cmake_clean_cache=False, cmake_clean_first=False, cmake_force_configure=False, cmake_target=None, cmake_target_skip_unavailable=False, continue_on_error=False, event_handlers=None, executor='parallel', ignore_user_meta=False, install_base='install', log_base=None, log_level=None, main=<bound method BuildVerb.main of <colcon_core.verb.build.BuildVerb object at 0x7ff30d388f40>>, merge_install=False, metas=['./colcon.meta'], mixin=None, mixin_files=None, mixin_verb=('build',), packages_above=None, packages_above_and_dependencies=None, packages_above_depth=None, packages_end=None, packages_ignore=None, packages_ignore_regex=None, packages_select=None, packages_select_build_failed=False, packages_select_by_dep=None, packages_select_regex=None, packages_select_test_failures=False, packages_skip=None, packages_skip_build_finished=False, packages_skip_by_dep=None, packages_skip_regex=None, packages_skip_test_passed=False, packages_skip_up_to=None, packages_start=None, packages_up_to=None, packages_up_to_regex=None, parallel_workers=8, paths=None, symlink_install=False, test_result_base=None, verb_extension=<colcon_core.verb.build.BuildVerb object at 0x7ff30d388f40>, verb_name='build', verb_parser=<colcon_mixin.mixin.mixin_argument.MixinArgumentDecorator object at 0x7ff30d1ef190>)
[1.830s] Level 1:colcon.colcon_core.package_discovery:discover_packages(colcon_meta) check parameters
[1.830s] Level 1:colcon.colcon_core.package_discovery:discover_packages(recursive) check parameters
[1.830s] Level 1:colcon.colcon_core.package_discovery:discover_packages(ignore) check parameters
[1.830s] Level 1:colcon.colcon_core.package_discovery:discover_packages(path) check parameters
[1.830s] Level 1:colcon.colcon_core.package_discovery:discover_packages(colcon_meta) discover
[1.830s] Level 1:colcon.colcon_core.package_discovery:discover_packages(recursive) discover
[1.831s] INFO:colcon.colcon_core.package_discovery:Crawling recursively for packages in '/home/mayooran/Documents/ros_topics/src'
[1.831s] Level 1:colcon.colcon_core.package_identification:_identify(.) by extensions ['ignore', 'ignore_ament_install']
[1.831s] Level 1:colcon.colcon_core.package_identification:_identify(.) by extension 'ignore'
[1.831s] Level 1:colcon.colcon_core.package_identification:_identify(.) by extension 'ignore_ament_install'
[1.831s] Level 1:colcon.colcon_core.package_identification:_identify(.) by extensions ['colcon_pkg']
[1.831s] Level 1:colcon.colcon_core.package_identification:_identify(.) by extension 'colcon_pkg'
[1.831s] Level 1:colcon.colcon_core.package_identification:_identify(.) by extensions ['colcon_meta']
[1.832s] Level 1:colcon.colcon_core.package_identification:_identify(.) by extension 'colcon_meta'
[1.832s] Level 1:colcon.colcon_core.package_identification:_identify(.) by extensions ['ros']
[1.832s] Level 1:colcon.colcon_core.package_identification:_identify(.) by extension 'ros'
[1.865s] Level 1:colcon.colcon_core.package_identification:_identify(.) by extensions ['cmake', 'python']
[1.866s] Level 1:colcon.colcon_core.package_identification:_identify(.) by extension 'cmake'
[1.867s] Level 1:colcon.colcon_core.package_identification:_identify(.) by extension 'python'
[1.867s] Level 1:colcon.colcon_core.package_identification:_identify(.) by extensions ['python_setup_py']
[1.867s] Level 1:colcon.colcon_core.package_identification:_identify(.) by extension 'python_setup_py'
[1.867s] Level 1:colcon.colcon_core.package_identification:_identify(build) by extensions ['ignore', 'ignore_ament_install']
[1.868s] Level 1:colcon.colcon_core.package_identification:_identify(build) by extension 'ignore'
[1.868s] Level 1:colcon.colcon_core.package_identification:_identify(build) ignored
[1.869s] Level 1:colcon.colcon_core.package_identification:_identify(imu) by extensions ['ignore', 'ignore_ament_install']
[1.869s] Level 1:colcon.colcon_core.package_identification:_identify(imu) by extension 'ignore'
[1.870s] Level 1:colcon.colcon_core.package_identification:_identify(imu) by extension 'ignore_ament_install'
[1.870s] Level 1:colcon.colcon_core.package_identification:_identify(imu) by extensions ['colcon_pkg']
[1.870s] Level 1:colcon.colcon_core.package_identification:_identify(imu) by extension 'colcon_pkg'
[1.871s] Level 1:colcon.colcon_core.package_identification:_identify(imu) by extensions ['colcon_meta']
[1.871s] Level 1:colcon.colcon_core.package_identification:_identify(imu) by extension 'colcon_meta'
[1.871s] Level 1:colcon.colcon_core.package_identification:_identify(imu) by extensions ['ros']
[1.871s] Level 1:colcon.colcon_core.package_identification:_identify(imu) by extension 'ros'
[1.877s] DEBUG:colcon.colcon_core.package_identification:Package 'imu' with type 'ros.ament_python' and name 'imu'
[1.878s] Level 1:colcon.colcon_core.package_identification:_identify(install) by extensions ['ignore', 'ignore_ament_install']
[1.878s] Level 1:colcon.colcon_core.package_identification:_identify(install) by extension 'ignore'
[1.878s] Level 1:colcon.colcon_core.package_identification:_identify(install) ignored
[1.878s] Level 1:colcon.colcon_core.package_identification:_identify(log) by extensions ['ignore', 'ignore_ament_install']
[1.879s] Level 1:colcon.colcon_core.package_identification:_identify(log) by extension 'ignore'
[1.879s] Level 1:colcon.colcon_core.package_identification:_identify(log) ignored
[1.879s] Level 1:colcon.colcon_core.package_discovery:discover_packages(recursive) using defaults
[1.879s] Level 1:colcon.colcon_core.package_discovery:discover_packages(ignore) discover
[1.879s] Level 1:colcon.colcon_core.package_discovery:discover_packages(ignore) using defaults
[1.879s] Level 1:colcon.colcon_core.package_discovery:discover_packages(path) discover
[1.879s] Level 1:colcon.colcon_core.package_discovery:discover_packages(path) using defaults
[2.036s] Level 1:colcon.colcon_core.package_discovery:discover_packages(prefix_path) check parameters
[2.036s] Level 1:colcon.colcon_core.package_discovery:discover_packages(prefix_path) discover
[2.096s] DEBUG:colcon.colcon_installed_package_information.package_discovery:Found 1 installed packages in /home/mayooran/Documents/ros_topics/src/install
[2.136s] DEBUG:colcon.colcon_installed_package_information.package_discovery:Found 311 installed packages in /home/mayooran/ros2_foxy/install
[2.145s] Level 1:colcon.colcon_core.package_discovery:discover_packages(prefix_path) using defaults
[2.281s] Level 5:colcon.colcon_core.verb:set package 'imu' build argument 'cmake_args' from command line to 'None'
[2.282s] Level 5:colcon.colcon_core.verb:set package 'imu' build argument 'cmake_target' from command line to 'None'
[2.282s] Level 5:colcon.colcon_core.verb:set package 'imu' build argument 'cmake_target_skip_unavailable' from command line to 'False'
[2.282s] Level 5:colcon.colcon_core.verb:set package 'imu' build argument 'cmake_clean_cache' from command line to 'False'
[2.282s] Level 5:colcon.colcon_core.verb:set package 'imu' build argument 'cmake_clean_first' from command line to 'False'
[2.282s] Level 5:colcon.colcon_core.verb:set package 'imu' build argument 'cmake_force_configure' from command line to 'False'
[2.282s] Level 5:colcon.colcon_core.verb:set package 'imu' build argument 'ament_cmake_args' from command line to 'None'
[2.282s] Level 5:colcon.colcon_core.verb:set package 'imu' build argument 'catkin_cmake_args' from command line to 'None'
[2.282s] Level 5:colcon.colcon_core.verb:set package 'imu' build argument 'catkin_skip_building_tests' from command line to 'False'
[2.282s] DEBUG:colcon.colcon_core.verb:Building package 'imu' with the following arguments: {'ament_cmake_args': None, 'build_base': '/home/mayooran/Documents/ros_topics/src/build/imu', 'catkin_cmake_args': None, 'catkin_skip_building_tests': False, 'cmake_args': None, 'cmake_clean_cache': False, 'cmake_clean_first': False, 'cmake_force_configure': False, 'cmake_target': None, 'cmake_target_skip_unavailable': False, 'install_base': '/home/mayooran/Documents/ros_topics/src/install/imu', 'merge_install': False, 'path': '/home/mayooran/Documents/ros_topics/src/imu', 'symlink_install': False, 'test_result_base': None}
[2.283s] INFO:colcon.colcon_core.executor:Executing jobs using 'parallel' executor
[2.284s] DEBUG:colcon.colcon_parallel_executor.executor.parallel:run_until_complete
[2.285s] INFO:colcon.colcon_ros.task.ament_python.build:Building ROS package in '/home/mayooran/Documents/ros_topics/src/imu' with build type 'ament_python'
[2.285s] Level 1:colcon.colcon_core.shell:create_environment_hook('imu', 'ament_prefix_path')
[2.300s] INFO:colcon.colcon_core.plugin_system:Skipping extension 'colcon_core.shell.bat': Not used on non-Windows systems
[2.301s] INFO:colcon.colcon_core.shell:Creating environment hook '/home/mayooran/Documents/ros_topics/src/install/imu/share/imu/hook/ament_prefix_path.ps1'
[2.302s] INFO:colcon.colcon_core.shell:Creating environment descriptor '/home/mayooran/Documents/ros_topics/src/install/imu/share/imu/hook/ament_prefix_path.dsv'
[2.303s] INFO:colcon.colcon_core.shell:Creating environment hook '/home/mayooran/Documents/ros_topics/src/install/imu/share/imu/hook/ament_prefix_path.sh'
[2.305s] INFO:colcon.colcon_core.shell:Skip shell extension 'powershell' for command environment: Not usable outside of PowerShell
[2.305s] DEBUG:colcon.colcon_core.shell:Skip shell extension 'dsv' for command environment
[4.094s] INFO:colcon.colcon_core.task.python.build:Building Python package in '/home/mayooran/Documents/ros_topics/src/imu'
[4.094s] INFO:colcon.colcon_core.shell:Skip shell extension 'powershell' for command environment: Not usable outside of PowerShell
[4.094s] DEBUG:colcon.colcon_core.shell:Skip shell extension 'dsv' for command environment
[5.267s] DEBUG:colcon.colcon_core.event_handler.log_command:Invoking command in '/home/mayooran/Documents/ros_topics/src/imu': CONDA_PROMPT_MODIFIER=(hl2ss) PYTHONPATH=/home/mayooran/Documents/ros_topics/src/build/imu/prefix_override:/home/mayooran/Documents/ros_topics/src/install/imu/lib/python3.8/site-packages:${PYTHONPATH} /usr/bin/python3 -W ignore:setup.py install is deprecated setup.py egg_info --egg-base ../build/imu build --build-base /home/mayooran/Documents/ros_topics/src/build/imu/build install --record /home/mayooran/Documents/ros_topics/src/build/imu/install.log --install-scripts $base/lib/imu --single-version-externally-managed install_data
[6.389s] DEBUG:colcon.colcon_core.event_handler.log_command:Invoked command in '/home/mayooran/Documents/ros_topics/src/imu' returned '0': CONDA_PROMPT_MODIFIER=(hl2ss) PYTHONPATH=/home/mayooran/Documents/ros_topics/src/build/imu/prefix_override:/home/mayooran/Documents/ros_topics/src/install/imu/lib/python3.8/site-packages:${PYTHONPATH} /usr/bin/python3 -W ignore:setup.py install is deprecated setup.py egg_info --egg-base ../build/imu build --build-base /home/mayooran/Documents/ros_topics/src/build/imu/build install --record /home/mayooran/Documents/ros_topics/src/build/imu/install.log --install-scripts $base/lib/imu --single-version-externally-managed install_data
[6.397s] Level 1:colcon.colcon_core.environment:checking '/home/mayooran/Documents/ros_topics/src/install/imu' for CMake module files
[6.397s] Level 1:colcon.colcon_core.environment:checking '/home/mayooran/Documents/ros_topics/src/install/imu' for CMake config files
[6.398s] Level 1:colcon.colcon_core.environment:checking '/home/mayooran/Documents/ros_topics/src/install/imu/lib'
[6.399s] Level 1:colcon.colcon_core.environment:checking '/home/mayooran/Documents/ros_topics/src/install/imu/bin'
[6.399s] Level 1:colcon.colcon_core.environment:checking '/home/mayooran/Documents/ros_topics/src/install/imu/lib/pkgconfig/imu.pc'
[6.399s] Level 1:colcon.colcon_core.environment:checking '/home/mayooran/Documents/ros_topics/src/install/imu/lib/python3.8/site-packages'
[6.399s] Level 1:colcon.colcon_core.shell:create_environment_hook('imu', 'pythonpath')
[6.400s] INFO:colcon.colcon_core.shell:Creating environment hook '/home/mayooran/Documents/ros_topics/src/install/imu/share/imu/hook/pythonpath.ps1'
[6.401s] INFO:colcon.colcon_core.shell:Creating environment descriptor '/home/mayooran/Documents/ros_topics/src/install/imu/share/imu/hook/pythonpath.dsv'
[6.401s] INFO:colcon.colcon_core.shell:Creating environment hook '/home/mayooran/Documents/ros_topics/src/install/imu/share/imu/hook/pythonpath.sh'
[6.402s] Level 1:colcon.colcon_core.environment:checking '/home/mayooran/Documents/ros_topics/src/install/imu/bin'
[6.402s] Level 1:colcon.colcon_core.environment:create_environment_scripts_only(imu)
[6.402s] INFO:colcon.colcon_core.shell:Creating package script '/home/mayooran/Documents/ros_topics/src/install/imu/share/imu/package.ps1'
[6.403s] INFO:colcon.colcon_core.shell:Creating package descriptor '/home/mayooran/Documents/ros_topics/src/install/imu/share/imu/package.dsv'
[6.404s] INFO:colcon.colcon_core.shell:Creating package script '/home/mayooran/Documents/ros_topics/src/install/imu/share/imu/package.sh'
[6.405s] INFO:colcon.colcon_core.shell:Creating package script '/home/mayooran/Documents/ros_topics/src/install/imu/share/imu/package.bash'
[6.405s] INFO:colcon.colcon_core.shell:Creating package script '/home/mayooran/Documents/ros_topics/src/install/imu/share/imu/package.zsh'
[6.406s] Level 1:colcon.colcon_core.environment:create_file_with_runtime_dependencies(/home/mayooran/Documents/ros_topics/src/install/imu/share/colcon-core/packages/imu)
[6.406s] DEBUG:colcon.colcon_parallel_executor.executor.parallel:closing loop
[6.407s] DEBUG:colcon.colcon_parallel_executor.executor.parallel:loop closed
[6.407s] DEBUG:colcon.colcon_parallel_executor.executor.parallel:run_until_complete finished with '0'
[6.407s] DEBUG:colcon.colcon_core.event_reactor:joining thread
[6.428s] INFO:colcon.colcon_core.plugin_system:Skipping extension 'colcon_notification.desktop_notification.terminal_notifier': Not used on non-Darwin systems
[6.428s] INFO:colcon.colcon_core.plugin_system:Skipping extension 'colcon_notification.desktop_notification.win32': Not used on non-Windows systems
[6.429s] INFO:colcon.colcon_notification.desktop_notification:Sending desktop notification using 'notify2'
[6.454s] DEBUG:colcon.colcon_core.event_reactor:joined thread
[6.454s] INFO:colcon.colcon_core.shell:Creating prefix script '/home/mayooran/Documents/ros_topics/src/install/local_setup.ps1'
[6.455s] INFO:colcon.colcon_core.shell:Creating prefix util module '/home/mayooran/Documents/ros_topics/src/install/_local_setup_util_ps1.py'
[6.457s] INFO:colcon.colcon_core.shell:Creating prefix chain script '/home/mayooran/Documents/ros_topics/src/install/setup.ps1'
[6.483s] INFO:colcon.colcon_core.shell:Creating prefix script '/home/mayooran/Documents/ros_topics/src/install/local_setup.sh'
[6.484s] INFO:colcon.colcon_core.shell:Creating prefix util module '/home/mayooran/Documents/ros_topics/src/install/_local_setup_util_sh.py'
[6.484s] INFO:colcon.colcon_core.shell:Creating prefix chain script '/home/mayooran/Documents/ros_topics/src/install/setup.sh'
[6.506s] INFO:colcon.colcon_core.shell:Creating prefix script '/home/mayooran/Documents/ros_topics/src/install/local_setup.bash'
[6.506s] INFO:colcon.colcon_core.shell:Creating prefix chain script '/home/mayooran/Documents/ros_topics/src/install/setup.bash'
[6.527s] INFO:colcon.colcon_core.shell:Creating prefix script '/home/mayooran/Documents/ros_topics/src/install/local_setup.zsh'
[6.528s] INFO:colcon.colcon_core.shell:Creating prefix chain script '/home/mayooran/Documents/ros_topics/src/install/setup.zsh'
